<?xml version="1.0" encoding="UTF-8"?>
<!-- Generated by org.testng.reporters.JUnitReportReporter -->
<testsuite hostname="197NODMB9000255" failures="0" tests="2" name="TestRCB.TestCase" time="0.020" errors="0" timestamp="2022-11-19T16:07:42 IST" skipped="0">
  <testcase classname="TestRCB.TestCase" name="verifyWicketKeeper" time="0.003"/>
  <system-out/>
  <testcase classname="TestRCB.TestCase" name="verifyForeignPlayer" time="0.017"/>
  <system-out/>
</testsuite> <!-- TestRCB.TestCase -->
